<!DOCTYPE html PUBLIC "-//W3C//DTD XHTML 1.1//EN" "http://www.w3.org/TR/xhtml11/DTD/xhtml11.dtd">
<html xmlns="http://www.w3.org/1999/xhtml">
<head>
<meta http-equiv="content-type" content="text/html; charset=UTF-8"/>
<title>TestNG Report</title>
<style type="text/css">table {margin-bottom:10px;border-collapse:collapse;empty-cells:show}th,td {border:1px solid #009;padding:.25em .5em}th {vertical-align:bottom}td {vertical-align:top}table a {font-weight:bold}.stripe td {background-color: #E6EBF9}.num {text-align:right}.passedodd td {background-color: #3F3}.passedeven td {background-color: #0A0}.skippedodd td {background-color: #DDD}.skippedeven td {background-color: #CCC}.failedodd td,.attn {background-color: #F33}.failedeven td,.stripe .attn {background-color: #D00}.stacktrace {white-space:pre;font-family:monospace}.totop {font-size:85%;text-align:center;border-bottom:2px solid #000}.invisible {display:none}</style>
</head>
<body>
<table>
<tr><th>Test</th><th># Passed</th><th># Skipped</th><th># Failed</th><th>Time (ms)</th><th>Included Groups</th><th>Excluded Groups</th></tr>
<tr><th colspan="7">Suite</th></tr>
<tr><td><a href="#t0">ChromeTest</a></td><td class="num">0</td><td class="num attn">2</td><td class="num">0</td><td class="num">13,438</td><td></td><td></td></tr>
<tr class="stripe"><td><a href="#t1">FirefoxTest</a></td><td class="num">2</td><td class="num">0</td><td class="num">0</td><td class="num">90,274</td><td></td><td></td></tr>
<tr><th>Total</th><th class="num">2</th><th class="num attn">2</th><th class="num">0</th><th class="num">103,712</th><th colspan="2"></th></tr>
</table>
<table id='summary'><thead><tr><th>Class</th><th>Method</th><th>Start</th><th>Time (ms)</th></tr></thead><tbody><tr><th colspan="4">Suite</th></tr></tbody><tbody id="t0"><tr><th colspan="4">ChromeTest &#8212; failed (configuration methods)</th></tr><tr class="failedeven"><td rowspan="1">testClass_pacakge.TestClass</td><td><a href="#m0">launchBrowser</a></td><td rowspan="1">1615722152709</td><td rowspan="1">13063</td></tr><tr><th colspan="4">ChromeTest &#8212; skipped (configuration methods)</th></tr><tr class="skippedeven"><td rowspan="7">testClass_pacakge.TestClass</td><td><a href="#m1">clearObjects</a></td><td rowspan="1">1615722166108</td><td rowspan="1">0</td></tr><tr class="skippedeven"><td><a href="#m2">closedBrowser</a></td><td rowspan="1">1615722166121</td><td rowspan="1">0</td></tr><tr class="skippedeven"><td><a href="#m3">createObject</a></td><td rowspan="1">1615722165870</td><td rowspan="1">0</td></tr><tr class="skippedeven"><td><a href="#m4">loginToUserAccount</a></td><td rowspan="2">1615722165974</td><td rowspan="2">0</td></tr><tr class="skippedeven"><td><a href="#m5">loginToUserAccount</a></td></tr><tr class="skippedeven"><td><a href="#m6">logoutAccount</a></td><td rowspan="2">1615722166095</td><td rowspan="2">0</td></tr><tr class="skippedeven"><td><a href="#m7">logoutAccount</a></td></tr><tr><th colspan="4">ChromeTest &#8212; skipped</th></tr><tr class="skippedeven"><td rowspan="2">testClass_pacakge.TestClass</td><td><a href="#m8">verifydashboard</a></td><td rowspan="1">1615722165990</td><td rowspan="1">0</td></tr><tr class="skippedeven"><td><a href="#m9">verifyorder</a></td><td rowspan="1">1615722166066</td><td rowspan="1">0</td></tr></tbody>
<tbody id="t1"><tr><th colspan="4">FirefoxTest &#8212; passed</th></tr><tr class="passedeven"><td rowspan="2">testClass_pacakge.TestClass</td><td><a href="#m10">verifydashboard</a></td><td rowspan="1">1615722201274</td><td rowspan="1">2602</td></tr><tr class="passedeven"><td><a href="#m11">verifyorder</a></td><td rowspan="1">1615722226102</td><td rowspan="1">2135</td></tr></tbody>
</table>
<h2>ChromeTest</h2><h3 id="m0">testClass_pacakge.TestClass#launchBrowser</h3><table class="result"><tr class="param"><th>Parameter #1</th></tr><tr class="param stripe"><td>Chrome</td></tr><tr><th>Exception</th></tr><tr><td><div class="stacktrace">org.openqa.selenium.SessionNotCreatedException: session not created: This version of ChromeDriver only supports Chrome version 85
Build info: version: &apos;3.141.59&apos;, revision: &apos;e82be7d358&apos;, time: &apos;2018-11-14T08:17:03&apos;
System info: host: &apos;DESKTOP-2QD5KIO&apos;, ip: &apos;192.168.43.248&apos;, os.name: &apos;Windows 10&apos;, os.arch: &apos;amd64&apos;, os.version: &apos;10.0&apos;, java.version: &apos;1.8.0_261&apos;
Driver info: driver.version: ChromeDriver
remote stacktrace: Backtrace:
	Ordinal0 [0x0106D383+3134339]
	Ordinal0 [0x00F5A171+2007409]
	Ordinal0 [0x00DFAEE8+569064]
	Ordinal0 [0x00D8139F+70559]
	Ordinal0 [0x00D7CC63+52323]
	Ordinal0 [0x00DA0DFC+200188]
	Ordinal0 [0x00DA0C1D+199709]
	Ordinal0 [0x00D9EB0B+191243]
	Ordinal0 [0x00D82E77+77431]
	Ordinal0 [0x00D83E3E+81470]
	Ordinal0 [0x00D83DC9+81353]
	Ordinal0 [0x00F70CD9+2100441]
	GetHandleVerifier [0x011DB75A+1396954]
	GetHandleVerifier [0x011DB3D9+1396057]
	GetHandleVerifier [0x011E7126+1444518]
	GetHandleVerifier [0x011DBCE8+1398376]
	Ordinal0 [0x00F67F51+2064209]
	Ordinal0 [0x00F722EB+2106091]
	Ordinal0 [0x00F72411+2106385]
	Ordinal0 [0x00F849C4+2181572]
	BaseThreadInitThunk [0x75FC6359+25]
	RtlGetAppContainerNamedObjectPath [0x77308964+228]
	RtlGetAppContainerNamedObjectPath [0x77308934+180]

	at org.openqa.selenium.remote.W3CHandshakeResponse.lambda$errorHandler$0(W3CHandshakeResponse.java:62)
	at org.openqa.selenium.remote.HandshakeResponse.lambda$getResponseFunction$0(HandshakeResponse.java:30)
	at org.openqa.selenium.remote.ProtocolHandshake.lambda$createSession$0(ProtocolHandshake.java:126)
	at java.util.stream.ReferencePipeline$3$1.accept(Unknown Source)
	at java.util.Spliterators$ArraySpliterator.tryAdvance(Unknown Source)
	at java.util.stream.ReferencePipeline.forEachWithCancel(Unknown Source)
	at java.util.stream.AbstractPipeline.copyIntoWithCancel(Unknown Source)
	at java.util.stream.AbstractPipeline.copyInto(Unknown Source)
	at java.util.stream.AbstractPipeline.wrapAndCopyInto(Unknown Source)
	at java.util.stream.FindOps$FindOp.evaluateSequential(Unknown Source)
	at java.util.stream.AbstractPipeline.evaluate(Unknown Source)
	at java.util.stream.ReferencePipeline.findFirst(Unknown Source)
	at org.openqa.selenium.remote.ProtocolHandshake.createSession(ProtocolHandshake.java:128)
	at org.openqa.selenium.remote.ProtocolHandshake.createSession(ProtocolHandshake.java:74)
	at org.openqa.selenium.remote.HttpCommandExecutor.execute(HttpCommandExecutor.java:136)
	at org.openqa.selenium.remote.service.DriverCommandExecutor.execute(DriverCommandExecutor.java:83)
	at org.openqa.selenium.remote.RemoteWebDriver.execute(RemoteWebDriver.java:552)
	at org.openqa.selenium.remote.RemoteWebDriver.startSession(RemoteWebDriver.java:213)
	at org.openqa.selenium.remote.RemoteWebDriver.&lt;init&gt;(RemoteWebDriver.java:131)
	at org.openqa.selenium.chrome.ChromeDriver.&lt;init&gt;(ChromeDriver.java:181)
	at org.openqa.selenium.chrome.ChromeDriver.&lt;init&gt;(ChromeDriver.java:168)
	at org.openqa.selenium.chrome.ChromeDriver.&lt;init&gt;(ChromeDriver.java:123)
	at testBrowserSetup.Pojo.openChromeBrowser(Pojo.java:12)
	at testClass_pacakge.TestClass.launchBrowser(TestClass.java:45)
... Removed 28 stack frames</div></td></tr></table><p class="totop"><a href="#summary">back to summary</a></p>
<h3 id="m1">testClass_pacakge.TestClass#clearObjects</h3><table class="result"><tr><th class="invisible"/></tr></table><p class="totop"><a href="#summary">back to summary</a></p>
<h3 id="m2">testClass_pacakge.TestClass#closedBrowser</h3><table class="result"><tr><th class="invisible"/></tr></table><p class="totop"><a href="#summary">back to summary</a></p>
<h3 id="m3">testClass_pacakge.TestClass#createObject</h3><table class="result"><tr><th class="invisible"/></tr></table><p class="totop"><a href="#summary">back to summary</a></p>
<h3 id="m4">testClass_pacakge.TestClass#loginToUserAccount</h3><table class="result"><tr><th class="invisible"/></tr></table><p class="totop"><a href="#summary">back to summary</a></p>
<h3 id="m5">testClass_pacakge.TestClass#loginToUserAccount</h3><table class="result"><tr><th class="invisible"/></tr></table><p class="totop"><a href="#summary">back to summary</a></p>
<h3 id="m6">testClass_pacakge.TestClass#logoutAccount</h3><table class="result"><tr><th class="invisible"/></tr></table><p class="totop"><a href="#summary">back to summary</a></p>
<h3 id="m7">testClass_pacakge.TestClass#logoutAccount</h3><table class="result"><tr><th class="invisible"/></tr></table><p class="totop"><a href="#summary">back to summary</a></p>
<h3 id="m8">testClass_pacakge.TestClass#verifydashboard</h3><table class="result"><tr><th>Exception</th></tr><tr><td><div class="stacktrace">org.openqa.selenium.SessionNotCreatedException: session not created: This version of ChromeDriver only supports Chrome version 85
Build info: version: &apos;3.141.59&apos;, revision: &apos;e82be7d358&apos;, time: &apos;2018-11-14T08:17:03&apos;
System info: host: &apos;DESKTOP-2QD5KIO&apos;, ip: &apos;192.168.43.248&apos;, os.name: &apos;Windows 10&apos;, os.arch: &apos;amd64&apos;, os.version: &apos;10.0&apos;, java.version: &apos;1.8.0_261&apos;
Driver info: driver.version: ChromeDriver
remote stacktrace: Backtrace:
	Ordinal0 [0x0106D383+3134339]
	Ordinal0 [0x00F5A171+2007409]
	Ordinal0 [0x00DFAEE8+569064]
	Ordinal0 [0x00D8139F+70559]
	Ordinal0 [0x00D7CC63+52323]
	Ordinal0 [0x00DA0DFC+200188]
	Ordinal0 [0x00DA0C1D+199709]
	Ordinal0 [0x00D9EB0B+191243]
	Ordinal0 [0x00D82E77+77431]
	Ordinal0 [0x00D83E3E+81470]
	Ordinal0 [0x00D83DC9+81353]
	Ordinal0 [0x00F70CD9+2100441]
	GetHandleVerifier [0x011DB75A+1396954]
	GetHandleVerifier [0x011DB3D9+1396057]
	GetHandleVerifier [0x011E7126+1444518]
	GetHandleVerifier [0x011DBCE8+1398376]
	Ordinal0 [0x00F67F51+2064209]
	Ordinal0 [0x00F722EB+2106091]
	Ordinal0 [0x00F72411+2106385]
	Ordinal0 [0x00F849C4+2181572]
	BaseThreadInitThunk [0x75FC6359+25]
	RtlGetAppContainerNamedObjectPath [0x77308964+228]
	RtlGetAppContainerNamedObjectPath [0x77308934+180]

	at org.openqa.selenium.remote.W3CHandshakeResponse.lambda$errorHandler$0(W3CHandshakeResponse.java:62)
	at org.openqa.selenium.remote.HandshakeResponse.lambda$getResponseFunction$0(HandshakeResponse.java:30)
	at org.openqa.selenium.remote.ProtocolHandshake.lambda$createSession$0(ProtocolHandshake.java:126)
	at java.util.stream.ReferencePipeline$3$1.accept(Unknown Source)
	at java.util.Spliterators$ArraySpliterator.tryAdvance(Unknown Source)
	at java.util.stream.ReferencePipeline.forEachWithCancel(Unknown Source)
	at java.util.stream.AbstractPipeline.copyIntoWithCancel(Unknown Source)
	at java.util.stream.AbstractPipeline.copyInto(Unknown Source)
	at java.util.stream.AbstractPipeline.wrapAndCopyInto(Unknown Source)
	at java.util.stream.FindOps$FindOp.evaluateSequential(Unknown Source)
	at java.util.stream.AbstractPipeline.evaluate(Unknown Source)
	at java.util.stream.ReferencePipeline.findFirst(Unknown Source)
	at org.openqa.selenium.remote.ProtocolHandshake.createSession(ProtocolHandshake.java:128)
	at org.openqa.selenium.remote.ProtocolHandshake.createSession(ProtocolHandshake.java:74)
	at org.openqa.selenium.remote.HttpCommandExecutor.execute(HttpCommandExecutor.java:136)
	at org.openqa.selenium.remote.service.DriverCommandExecutor.execute(DriverCommandExecutor.java:83)
	at org.openqa.selenium.remote.RemoteWebDriver.execute(RemoteWebDriver.java:552)
	at org.openqa.selenium.remote.RemoteWebDriver.startSession(RemoteWebDriver.java:213)
	at org.openqa.selenium.remote.RemoteWebDriver.&lt;init&gt;(RemoteWebDriver.java:131)
	at org.openqa.selenium.chrome.ChromeDriver.&lt;init&gt;(ChromeDriver.java:181)
	at org.openqa.selenium.chrome.ChromeDriver.&lt;init&gt;(ChromeDriver.java:168)
	at org.openqa.selenium.chrome.ChromeDriver.&lt;init&gt;(ChromeDriver.java:123)
	at testBrowserSetup.Pojo.openChromeBrowser(Pojo.java:12)
	at testClass_pacakge.TestClass.launchBrowser(TestClass.java:45)
... Removed 28 stack frames</div></td></tr></table><p class="totop"><a href="#summary">back to summary</a></p>
<h3 id="m9">testClass_pacakge.TestClass#verifyorder</h3><table class="result"><tr><th>Exception</th></tr><tr><td><div class="stacktrace">org.openqa.selenium.SessionNotCreatedException: session not created: This version of ChromeDriver only supports Chrome version 85
Build info: version: &apos;3.141.59&apos;, revision: &apos;e82be7d358&apos;, time: &apos;2018-11-14T08:17:03&apos;
System info: host: &apos;DESKTOP-2QD5KIO&apos;, ip: &apos;192.168.43.248&apos;, os.name: &apos;Windows 10&apos;, os.arch: &apos;amd64&apos;, os.version: &apos;10.0&apos;, java.version: &apos;1.8.0_261&apos;
Driver info: driver.version: ChromeDriver
remote stacktrace: Backtrace:
	Ordinal0 [0x0106D383+3134339]
	Ordinal0 [0x00F5A171+2007409]
	Ordinal0 [0x00DFAEE8+569064]
	Ordinal0 [0x00D8139F+70559]
	Ordinal0 [0x00D7CC63+52323]
	Ordinal0 [0x00DA0DFC+200188]
	Ordinal0 [0x00DA0C1D+199709]
	Ordinal0 [0x00D9EB0B+191243]
	Ordinal0 [0x00D82E77+77431]
	Ordinal0 [0x00D83E3E+81470]
	Ordinal0 [0x00D83DC9+81353]
	Ordinal0 [0x00F70CD9+2100441]
	GetHandleVerifier [0x011DB75A+1396954]
	GetHandleVerifier [0x011DB3D9+1396057]
	GetHandleVerifier [0x011E7126+1444518]
	GetHandleVerifier [0x011DBCE8+1398376]
	Ordinal0 [0x00F67F51+2064209]
	Ordinal0 [0x00F722EB+2106091]
	Ordinal0 [0x00F72411+2106385]
	Ordinal0 [0x00F849C4+2181572]
	BaseThreadInitThunk [0x75FC6359+25]
	RtlGetAppContainerNamedObjectPath [0x77308964+228]
	RtlGetAppContainerNamedObjectPath [0x77308934+180]

	at org.openqa.selenium.remote.W3CHandshakeResponse.lambda$errorHandler$0(W3CHandshakeResponse.java:62)
	at org.openqa.selenium.remote.HandshakeResponse.lambda$getResponseFunction$0(HandshakeResponse.java:30)
	at org.openqa.selenium.remote.ProtocolHandshake.lambda$createSession$0(ProtocolHandshake.java:126)
	at java.util.stream.ReferencePipeline$3$1.accept(Unknown Source)
	at java.util.Spliterators$ArraySpliterator.tryAdvance(Unknown Source)
	at java.util.stream.ReferencePipeline.forEachWithCancel(Unknown Source)
	at java.util.stream.AbstractPipeline.copyIntoWithCancel(Unknown Source)
	at java.util.stream.AbstractPipeline.copyInto(Unknown Source)
	at java.util.stream.AbstractPipeline.wrapAndCopyInto(Unknown Source)
	at java.util.stream.FindOps$FindOp.evaluateSequential(Unknown Source)
	at java.util.stream.AbstractPipeline.evaluate(Unknown Source)
	at java.util.stream.ReferencePipeline.findFirst(Unknown Source)
	at org.openqa.selenium.remote.ProtocolHandshake.createSession(ProtocolHandshake.java:128)
	at org.openqa.selenium.remote.ProtocolHandshake.createSession(ProtocolHandshake.java:74)
	at org.openqa.selenium.remote.HttpCommandExecutor.execute(HttpCommandExecutor.java:136)
	at org.openqa.selenium.remote.service.DriverCommandExecutor.execute(DriverCommandExecutor.java:83)
	at org.openqa.selenium.remote.RemoteWebDriver.execute(RemoteWebDriver.java:552)
	at org.openqa.selenium.remote.RemoteWebDriver.startSession(RemoteWebDriver.java:213)
	at org.openqa.selenium.remote.RemoteWebDriver.&lt;init&gt;(RemoteWebDriver.java:131)
	at org.openqa.selenium.chrome.ChromeDriver.&lt;init&gt;(ChromeDriver.java:181)
	at org.openqa.selenium.chrome.ChromeDriver.&lt;init&gt;(ChromeDriver.java:168)
	at org.openqa.selenium.chrome.ChromeDriver.&lt;init&gt;(ChromeDriver.java:123)
	at testBrowserSetup.Pojo.openChromeBrowser(Pojo.java:12)
	at testClass_pacakge.TestClass.launchBrowser(TestClass.java:45)
... Removed 28 stack frames</div></td></tr></table><p class="totop"><a href="#summary">back to summary</a></p>
<h2>FirefoxTest</h2><h3 id="m10">testClass_pacakge.TestClass#verifydashboard</h3><table class="result"><tr><th class="invisible"/></tr></table><p class="totop"><a href="#summary">back to summary</a></p>
<h3 id="m11">testClass_pacakge.TestClass#verifyorder</h3><table class="result"><tr><th class="invisible"/></tr></table><p class="totop"><a href="#summary">back to summary</a></p>
</body>
</html>
