<?xml version="1.0" encoding="UTF-8"?>
<testng-results skipped="2" failed="0" ignored="0" total="4" passed="2">
  <reporter-output>
  </reporter-output>
  <suite name="Suite" duration-ms="103941" started-at="2021-03-14T11:42:32Z" finished-at="2021-03-14T11:44:16Z">
    <groups>
    </groups>
    <test name="ChromeTest" duration-ms="13438" started-at="2021-03-14T11:42:32Z" finished-at="2021-03-14T11:42:46Z">
      <class name="testClass_pacakge.TestClass">
        <test-method status="FAIL" signature="launchBrowser(java.lang.String)[pri:0, instance:testClass_pacakge.TestClass@754ba872]" name="launchBrowser" is-config="true" duration-ms="13063" started-at="2021-03-14T11:42:32Z" finished-at="2021-03-14T11:42:45Z">
          <params>
            <param index="0">
              <value>
                <![CDATA[Chrome]]>
              </value>
            </param>
          </params>
          <exception class="org.openqa.selenium.SessionNotCreatedException">
            <message>
              <![CDATA[session not created: This version of ChromeDriver only supports Chrome version 85
Build info: version: '3.141.59', revision: 'e82be7d358', time: '2018-11-14T08:17:03'
System info: host: 'DESKTOP-2QD5KIO', ip: '192.168.43.248', os.name: 'Windows 10', os.arch: 'amd64', os.version: '10.0', java.version: '1.8.0_261'
Driver info: driver.version: ChromeDriver
remote stacktrace: Backtrace:
Ordinal0 [0x0106D383+3134339]
Ordinal0 [0x00F5A171+2007409]
Ordinal0 [0x00DFAEE8+569064]
Ordinal0 [0x00D8139F+70559]
Ordinal0 [0x00D7CC63+52323]
Ordinal0 [0x00DA0DFC+200188]
Ordinal0 [0x00DA0C1D+199709]
Ordinal0 [0x00D9EB0B+191243]
Ordinal0 [0x00D82E77+77431]
Ordinal0 [0x00D83E3E+81470]
Ordinal0 [0x00D83DC9+81353]
Ordinal0 [0x00F70CD9+2100441]
GetHandleVerifier [0x011DB75A+1396954]
GetHandleVerifier [0x011DB3D9+1396057]
GetHandleVerifier [0x011E7126+1444518]
GetHandleVerifier [0x011DBCE8+1398376]
Ordinal0 [0x00F67F51+2064209]
Ordinal0 [0x00F722EB+2106091]
Ordinal0 [0x00F72411+2106385]
Ordinal0 [0x00F849C4+2181572]
BaseThreadInitThunk [0x75FC6359+25]
RtlGetAppContainerNamedObjectPath [0x77308964+228]
RtlGetAppContainerNamedObjectPath [0x77308934+180]
]]>
            </message>
            <full-stacktrace>
              <![CDATA[org.openqa.selenium.SessionNotCreatedException: session not created: This version of ChromeDriver only supports Chrome version 85
Build info: version: '3.141.59', revision: 'e82be7d358', time: '2018-11-14T08:17:03'
System info: host: 'DESKTOP-2QD5KIO', ip: '192.168.43.248', os.name: 'Windows 10', os.arch: 'amd64', os.version: '10.0', java.version: '1.8.0_261'
Driver info: driver.version: ChromeDriver
remote stacktrace: Backtrace:
Ordinal0 [0x0106D383+3134339]
Ordinal0 [0x00F5A171+2007409]
Ordinal0 [0x00DFAEE8+569064]
Ordinal0 [0x00D8139F+70559]
Ordinal0 [0x00D7CC63+52323]
Ordinal0 [0x00DA0DFC+200188]
Ordinal0 [0x00DA0C1D+199709]
Ordinal0 [0x00D9EB0B+191243]
Ordinal0 [0x00D82E77+77431]
Ordinal0 [0x00D83E3E+81470]
Ordinal0 [0x00D83DC9+81353]
Ordinal0 [0x00F70CD9+2100441]
GetHandleVerifier [0x011DB75A+1396954]
GetHandleVerifier [0x011DB3D9+1396057]
GetHandleVerifier [0x011E7126+1444518]
GetHandleVerifier [0x011DBCE8+1398376]
Ordinal0 [0x00F67F51+2064209]
Ordinal0 [0x00F722EB+2106091]
Ordinal0 [0x00F72411+2106385]
Ordinal0 [0x00F849C4+2181572]
BaseThreadInitThunk [0x75FC6359+25]
RtlGetAppContainerNamedObjectPath [0x77308964+228]
RtlGetAppContainerNamedObjectPath [0x77308934+180]

at sun.reflect.NativeConstructorAccessorImpl.newInstance0(Native Method)
at sun.reflect.NativeConstructorAccessorImpl.newInstance(Unknown Source)
at sun.reflect.DelegatingConstructorAccessorImpl.newInstance(Unknown Source)
at java.lang.reflect.Constructor.newInstance(Unknown Source)
at org.openqa.selenium.remote.W3CHandshakeResponse.lambda$errorHandler$0(W3CHandshakeResponse.java:62)
at org.openqa.selenium.remote.HandshakeResponse.lambda$getResponseFunction$0(HandshakeResponse.java:30)
at org.openqa.selenium.remote.ProtocolHandshake.lambda$createSession$0(ProtocolHandshake.java:126)
at java.util.stream.ReferencePipeline$3$1.accept(Unknown Source)
at java.util.Spliterators$ArraySpliterator.tryAdvance(Unknown Source)
at java.util.stream.ReferencePipeline.forEachWithCancel(Unknown Source)
at java.util.stream.AbstractPipeline.copyIntoWithCancel(Unknown Source)
at java.util.stream.AbstractPipeline.copyInto(Unknown Source)
at java.util.stream.AbstractPipeline.wrapAndCopyInto(Unknown Source)
at java.util.stream.FindOps$FindOp.evaluateSequential(Unknown Source)
at java.util.stream.AbstractPipeline.evaluate(Unknown Source)
at java.util.stream.ReferencePipeline.findFirst(Unknown Source)
at org.openqa.selenium.remote.ProtocolHandshake.createSession(ProtocolHandshake.java:128)
at org.openqa.selenium.remote.ProtocolHandshake.createSession(ProtocolHandshake.java:74)
at org.openqa.selenium.remote.HttpCommandExecutor.execute(HttpCommandExecutor.java:136)
at org.openqa.selenium.remote.service.DriverCommandExecutor.execute(DriverCommandExecutor.java:83)
at org.openqa.selenium.remote.RemoteWebDriver.execute(RemoteWebDriver.java:552)
at org.openqa.selenium.remote.RemoteWebDriver.startSession(RemoteWebDriver.java:213)
at org.openqa.selenium.remote.RemoteWebDriver.<init>(RemoteWebDriver.java:131)
at org.openqa.selenium.chrome.ChromeDriver.<init>(ChromeDriver.java:181)
at org.openqa.selenium.chrome.ChromeDriver.<init>(ChromeDriver.java:168)
at org.openqa.selenium.chrome.ChromeDriver.<init>(ChromeDriver.java:123)
at testBrowserSetup.Pojo.openChromeBrowser(Pojo.java:12)
at testClass_pacakge.TestClass.launchBrowser(TestClass.java:45)
at sun.reflect.NativeMethodAccessorImpl.invoke0(Native Method)
at sun.reflect.NativeMethodAccessorImpl.invoke(Unknown Source)
at sun.reflect.DelegatingMethodAccessorImpl.invoke(Unknown Source)
at java.lang.reflect.Method.invoke(Unknown Source)
at org.testng.internal.MethodInvocationHelper.invokeMethod(MethodInvocationHelper.java:124)
at org.testng.internal.MethodInvocationHelper.invokeMethodConsideringTimeout(MethodInvocationHelper.java:59)
at org.testng.internal.Invoker.invokeConfigurationMethod(Invoker.java:458)
at org.testng.internal.Invoker.invokeConfigurations(Invoker.java:222)
at org.testng.internal.Invoker.invokeConfigurations(Invoker.java:142)
at org.testng.TestRunner.beforeRun(TestRunner.java:529)
at org.testng.TestRunner.run(TestRunner.java:497)
at org.testng.SuiteRunner.runTest(SuiteRunner.java:455)
at org.testng.SuiteRunner.runSequentially(SuiteRunner.java:450)
at org.testng.SuiteRunner.privateRun(SuiteRunner.java:415)
at org.testng.SuiteRunner.run(SuiteRunner.java:364)
at org.testng.SuiteRunnerWorker.runSuite(SuiteRunnerWorker.java:52)
at org.testng.SuiteRunnerWorker.run(SuiteRunnerWorker.java:84)
at org.testng.TestNG.runSuitesSequentially(TestNG.java:1208)
at org.testng.TestNG.runSuitesLocally(TestNG.java:1137)
at org.testng.TestNG.runSuites(TestNG.java:1049)
at org.testng.TestNG.run(TestNG.java:1017)
at org.testng.remote.AbstractRemoteTestNG.run(AbstractRemoteTestNG.java:115)
at org.testng.remote.RemoteTestNG.initAndRun(RemoteTestNG.java:251)
at org.testng.remote.RemoteTestNG.main(RemoteTestNG.java:77)
]]>
            </full-stacktrace>
          </exception> <!-- org.openqa.selenium.SessionNotCreatedException -->
          <reporter-output>
          </reporter-output>
        </test-method> <!-- launchBrowser -->
        <test-method status="SKIP" signature="createObject()[pri:0, instance:testClass_pacakge.TestClass@754ba872]" name="createObject" is-config="true" duration-ms="0" started-at="2021-03-14T11:42:45Z" finished-at="2021-03-14T11:42:45Z">
          <reporter-output>
          </reporter-output>
        </test-method> <!-- createObject -->
        <test-method status="SKIP" signature="loginToUserAccount()[pri:0, instance:testClass_pacakge.TestClass@754ba872]" name="loginToUserAccount" is-config="true" duration-ms="0" started-at="2021-03-14T11:42:45Z" finished-at="2021-03-14T11:42:45Z">
          <reporter-output>
          </reporter-output>
        </test-method> <!-- loginToUserAccount -->
        <test-method status="SKIP" signature="verifydashboard()[pri:0, instance:testClass_pacakge.TestClass@754ba872]" name="verifydashboard" duration-ms="0" started-at="2021-03-14T11:42:45Z" finished-at="2021-03-14T11:42:45Z">
          <exception class="org.openqa.selenium.SessionNotCreatedException">
            <message>
              <![CDATA[session not created: This version of ChromeDriver only supports Chrome version 85
Build info: version: '3.141.59', revision: 'e82be7d358', time: '2018-11-14T08:17:03'
System info: host: 'DESKTOP-2QD5KIO', ip: '192.168.43.248', os.name: 'Windows 10', os.arch: 'amd64', os.version: '10.0', java.version: '1.8.0_261'
Driver info: driver.version: ChromeDriver
remote stacktrace: Backtrace:
Ordinal0 [0x0106D383+3134339]
Ordinal0 [0x00F5A171+2007409]
Ordinal0 [0x00DFAEE8+569064]
Ordinal0 [0x00D8139F+70559]
Ordinal0 [0x00D7CC63+52323]
Ordinal0 [0x00DA0DFC+200188]
Ordinal0 [0x00DA0C1D+199709]
Ordinal0 [0x00D9EB0B+191243]
Ordinal0 [0x00D82E77+77431]
Ordinal0 [0x00D83E3E+81470]
Ordinal0 [0x00D83DC9+81353]
Ordinal0 [0x00F70CD9+2100441]
GetHandleVerifier [0x011DB75A+1396954]
GetHandleVerifier [0x011DB3D9+1396057]
GetHandleVerifier [0x011E7126+1444518]
GetHandleVerifier [0x011DBCE8+1398376]
Ordinal0 [0x00F67F51+2064209]
Ordinal0 [0x00F722EB+2106091]
Ordinal0 [0x00F72411+2106385]
Ordinal0 [0x00F849C4+2181572]
BaseThreadInitThunk [0x75FC6359+25]
RtlGetAppContainerNamedObjectPath [0x77308964+228]
RtlGetAppContainerNamedObjectPath [0x77308934+180]
]]>
            </message>
            <full-stacktrace>
              <![CDATA[org.openqa.selenium.SessionNotCreatedException: session not created: This version of ChromeDriver only supports Chrome version 85
Build info: version: '3.141.59', revision: 'e82be7d358', time: '2018-11-14T08:17:03'
System info: host: 'DESKTOP-2QD5KIO', ip: '192.168.43.248', os.name: 'Windows 10', os.arch: 'amd64', os.version: '10.0', java.version: '1.8.0_261'
Driver info: driver.version: ChromeDriver
remote stacktrace: Backtrace:
Ordinal0 [0x0106D383+3134339]
Ordinal0 [0x00F5A171+2007409]
Ordinal0 [0x00DFAEE8+569064]
Ordinal0 [0x00D8139F+70559]
Ordinal0 [0x00D7CC63+52323]
Ordinal0 [0x00DA0DFC+200188]
Ordinal0 [0x00DA0C1D+199709]
Ordinal0 [0x00D9EB0B+191243]
Ordinal0 [0x00D82E77+77431]
Ordinal0 [0x00D83E3E+81470]
Ordinal0 [0x00D83DC9+81353]
Ordinal0 [0x00F70CD9+2100441]
GetHandleVerifier [0x011DB75A+1396954]
GetHandleVerifier [0x011DB3D9+1396057]
GetHandleVerifier [0x011E7126+1444518]
GetHandleVerifier [0x011DBCE8+1398376]
Ordinal0 [0x00F67F51+2064209]
Ordinal0 [0x00F722EB+2106091]
Ordinal0 [0x00F72411+2106385]
Ordinal0 [0x00F849C4+2181572]
BaseThreadInitThunk [0x75FC6359+25]
RtlGetAppContainerNamedObjectPath [0x77308964+228]
RtlGetAppContainerNamedObjectPath [0x77308934+180]

at sun.reflect.NativeConstructorAccessorImpl.newInstance0(Native Method)
at sun.reflect.NativeConstructorAccessorImpl.newInstance(Unknown Source)
at sun.reflect.DelegatingConstructorAccessorImpl.newInstance(Unknown Source)
at java.lang.reflect.Constructor.newInstance(Unknown Source)
at org.openqa.selenium.remote.W3CHandshakeResponse.lambda$errorHandler$0(W3CHandshakeResponse.java:62)
at org.openqa.selenium.remote.HandshakeResponse.lambda$getResponseFunction$0(HandshakeResponse.java:30)
at org.openqa.selenium.remote.ProtocolHandshake.lambda$createSession$0(ProtocolHandshake.java:126)
at java.util.stream.ReferencePipeline$3$1.accept(Unknown Source)
at java.util.Spliterators$ArraySpliterator.tryAdvance(Unknown Source)
at java.util.stream.ReferencePipeline.forEachWithCancel(Unknown Source)
at java.util.stream.AbstractPipeline.copyIntoWithCancel(Unknown Source)
at java.util.stream.AbstractPipeline.copyInto(Unknown Source)
at java.util.stream.AbstractPipeline.wrapAndCopyInto(Unknown Source)
at java.util.stream.FindOps$FindOp.evaluateSequential(Unknown Source)
at java.util.stream.AbstractPipeline.evaluate(Unknown Source)
at java.util.stream.ReferencePipeline.findFirst(Unknown Source)
at org.openqa.selenium.remote.ProtocolHandshake.createSession(ProtocolHandshake.java:128)
at org.openqa.selenium.remote.ProtocolHandshake.createSession(ProtocolHandshake.java:74)
at org.openqa.selenium.remote.HttpCommandExecutor.execute(HttpCommandExecutor.java:136)
at org.openqa.selenium.remote.service.DriverCommandExecutor.execute(DriverCommandExecutor.java:83)
at org.openqa.selenium.remote.RemoteWebDriver.execute(RemoteWebDriver.java:552)
at org.openqa.selenium.remote.RemoteWebDriver.startSession(RemoteWebDriver.java:213)
at org.openqa.selenium.remote.RemoteWebDriver.<init>(RemoteWebDriver.java:131)
at org.openqa.selenium.chrome.ChromeDriver.<init>(ChromeDriver.java:181)
at org.openqa.selenium.chrome.ChromeDriver.<init>(ChromeDriver.java:168)
at org.openqa.selenium.chrome.ChromeDriver.<init>(ChromeDriver.java:123)
at testBrowserSetup.Pojo.openChromeBrowser(Pojo.java:12)
at testClass_pacakge.TestClass.launchBrowser(TestClass.java:45)
at sun.reflect.NativeMethodAccessorImpl.invoke0(Native Method)
at sun.reflect.NativeMethodAccessorImpl.invoke(Unknown Source)
at sun.reflect.DelegatingMethodAccessorImpl.invoke(Unknown Source)
at java.lang.reflect.Method.invoke(Unknown Source)
at org.testng.internal.MethodInvocationHelper.invokeMethod(MethodInvocationHelper.java:124)
at org.testng.internal.MethodInvocationHelper.invokeMethodConsideringTimeout(MethodInvocationHelper.java:59)
at org.testng.internal.Invoker.invokeConfigurationMethod(Invoker.java:458)
at org.testng.internal.Invoker.invokeConfigurations(Invoker.java:222)
at org.testng.internal.Invoker.invokeConfigurations(Invoker.java:142)
at org.testng.TestRunner.beforeRun(TestRunner.java:529)
at org.testng.TestRunner.run(TestRunner.java:497)
at org.testng.SuiteRunner.runTest(SuiteRunner.java:455)
at org.testng.SuiteRunner.runSequentially(SuiteRunner.java:450)
at org.testng.SuiteRunner.privateRun(SuiteRunner.java:415)
at org.testng.SuiteRunner.run(SuiteRunner.java:364)
at org.testng.SuiteRunnerWorker.runSuite(SuiteRunnerWorker.java:52)
at org.testng.SuiteRunnerWorker.run(SuiteRunnerWorker.java:84)
at org.testng.TestNG.runSuitesSequentially(TestNG.java:1208)
at org.testng.TestNG.runSuitesLocally(TestNG.java:1137)
at org.testng.TestNG.runSuites(TestNG.java:1049)
at org.testng.TestNG.run(TestNG.java:1017)
at org.testng.remote.AbstractRemoteTestNG.run(AbstractRemoteTestNG.java:115)
at org.testng.remote.RemoteTestNG.initAndRun(RemoteTestNG.java:251)
at org.testng.remote.RemoteTestNG.main(RemoteTestNG.java:77)
]]>
            </full-stacktrace>
          </exception> <!-- org.openqa.selenium.SessionNotCreatedException -->
          <reporter-output>
          </reporter-output>
        </test-method> <!-- verifydashboard -->
        <test-method status="SKIP" signature="logoutAccount(org.testng.ITestResult)[pri:0, instance:testClass_pacakge.TestClass@754ba872]" name="logoutAccount" is-config="true" duration-ms="0" started-at="2021-03-14T11:42:46Z" finished-at="2021-03-14T11:42:46Z">
          <reporter-output>
          </reporter-output>
        </test-method> <!-- logoutAccount -->
        <test-method status="SKIP" signature="loginToUserAccount()[pri:0, instance:testClass_pacakge.TestClass@754ba872]" name="loginToUserAccount" is-config="true" duration-ms="0" started-at="2021-03-14T11:42:46Z" finished-at="2021-03-14T11:42:46Z">
          <reporter-output>
          </reporter-output>
        </test-method> <!-- loginToUserAccount -->
        <test-method status="SKIP" signature="verifyorder()[pri:0, instance:testClass_pacakge.TestClass@754ba872]" name="verifyorder" duration-ms="0" started-at="2021-03-14T11:42:46Z" finished-at="2021-03-14T11:42:46Z">
          <exception class="org.openqa.selenium.SessionNotCreatedException">
            <message>
              <![CDATA[session not created: This version of ChromeDriver only supports Chrome version 85
Build info: version: '3.141.59', revision: 'e82be7d358', time: '2018-11-14T08:17:03'
System info: host: 'DESKTOP-2QD5KIO', ip: '192.168.43.248', os.name: 'Windows 10', os.arch: 'amd64', os.version: '10.0', java.version: '1.8.0_261'
Driver info: driver.version: ChromeDriver
remote stacktrace: Backtrace:
Ordinal0 [0x0106D383+3134339]
Ordinal0 [0x00F5A171+2007409]
Ordinal0 [0x00DFAEE8+569064]
Ordinal0 [0x00D8139F+70559]
Ordinal0 [0x00D7CC63+52323]
Ordinal0 [0x00DA0DFC+200188]
Ordinal0 [0x00DA0C1D+199709]
Ordinal0 [0x00D9EB0B+191243]
Ordinal0 [0x00D82E77+77431]
Ordinal0 [0x00D83E3E+81470]
Ordinal0 [0x00D83DC9+81353]
Ordinal0 [0x00F70CD9+2100441]
GetHandleVerifier [0x011DB75A+1396954]
GetHandleVerifier [0x011DB3D9+1396057]
GetHandleVerifier [0x011E7126+1444518]
GetHandleVerifier [0x011DBCE8+1398376]
Ordinal0 [0x00F67F51+2064209]
Ordinal0 [0x00F722EB+2106091]
Ordinal0 [0x00F72411+2106385]
Ordinal0 [0x00F849C4+2181572]
BaseThreadInitThunk [0x75FC6359+25]
RtlGetAppContainerNamedObjectPath [0x77308964+228]
RtlGetAppContainerNamedObjectPath [0x77308934+180]
]]>
            </message>
            <full-stacktrace>
              <![CDATA[org.openqa.selenium.SessionNotCreatedException: session not created: This version of ChromeDriver only supports Chrome version 85
Build info: version: '3.141.59', revision: 'e82be7d358', time: '2018-11-14T08:17:03'
System info: host: 'DESKTOP-2QD5KIO', ip: '192.168.43.248', os.name: 'Windows 10', os.arch: 'amd64', os.version: '10.0', java.version: '1.8.0_261'
Driver info: driver.version: ChromeDriver
remote stacktrace: Backtrace:
Ordinal0 [0x0106D383+3134339]
Ordinal0 [0x00F5A171+2007409]
Ordinal0 [0x00DFAEE8+569064]
Ordinal0 [0x00D8139F+70559]
Ordinal0 [0x00D7CC63+52323]
Ordinal0 [0x00DA0DFC+200188]
Ordinal0 [0x00DA0C1D+199709]
Ordinal0 [0x00D9EB0B+191243]
Ordinal0 [0x00D82E77+77431]
Ordinal0 [0x00D83E3E+81470]
Ordinal0 [0x00D83DC9+81353]
Ordinal0 [0x00F70CD9+2100441]
GetHandleVerifier [0x011DB75A+1396954]
GetHandleVerifier [0x011DB3D9+1396057]
GetHandleVerifier [0x011E7126+1444518]
GetHandleVerifier [0x011DBCE8+1398376]
Ordinal0 [0x00F67F51+2064209]
Ordinal0 [0x00F722EB+2106091]
Ordinal0 [0x00F72411+2106385]
Ordinal0 [0x00F849C4+2181572]
BaseThreadInitThunk [0x75FC6359+25]
RtlGetAppContainerNamedObjectPath [0x77308964+228]
RtlGetAppContainerNamedObjectPath [0x77308934+180]

at sun.reflect.NativeConstructorAccessorImpl.newInstance0(Native Method)
at sun.reflect.NativeConstructorAccessorImpl.newInstance(Unknown Source)
at sun.reflect.DelegatingConstructorAccessorImpl.newInstance(Unknown Source)
at java.lang.reflect.Constructor.newInstance(Unknown Source)
at org.openqa.selenium.remote.W3CHandshakeResponse.lambda$errorHandler$0(W3CHandshakeResponse.java:62)
at org.openqa.selenium.remote.HandshakeResponse.lambda$getResponseFunction$0(HandshakeResponse.java:30)
at org.openqa.selenium.remote.ProtocolHandshake.lambda$createSession$0(ProtocolHandshake.java:126)
at java.util.stream.ReferencePipeline$3$1.accept(Unknown Source)
at java.util.Spliterators$ArraySpliterator.tryAdvance(Unknown Source)
at java.util.stream.ReferencePipeline.forEachWithCancel(Unknown Source)
at java.util.stream.AbstractPipeline.copyIntoWithCancel(Unknown Source)
at java.util.stream.AbstractPipeline.copyInto(Unknown Source)
at java.util.stream.AbstractPipeline.wrapAndCopyInto(Unknown Source)
at java.util.stream.FindOps$FindOp.evaluateSequential(Unknown Source)
at java.util.stream.AbstractPipeline.evaluate(Unknown Source)
at java.util.stream.ReferencePipeline.findFirst(Unknown Source)
at org.openqa.selenium.remote.ProtocolHandshake.createSession(ProtocolHandshake.java:128)
at org.openqa.selenium.remote.ProtocolHandshake.createSession(ProtocolHandshake.java:74)
at org.openqa.selenium.remote.HttpCommandExecutor.execute(HttpCommandExecutor.java:136)
at org.openqa.selenium.remote.service.DriverCommandExecutor.execute(DriverCommandExecutor.java:83)
at org.openqa.selenium.remote.RemoteWebDriver.execute(RemoteWebDriver.java:552)
at org.openqa.selenium.remote.RemoteWebDriver.startSession(RemoteWebDriver.java:213)
at org.openqa.selenium.remote.RemoteWebDriver.<init>(RemoteWebDriver.java:131)
at org.openqa.selenium.chrome.ChromeDriver.<init>(ChromeDriver.java:181)
at org.openqa.selenium.chrome.ChromeDriver.<init>(ChromeDriver.java:168)
at org.openqa.selenium.chrome.ChromeDriver.<init>(ChromeDriver.java:123)
at testBrowserSetup.Pojo.openChromeBrowser(Pojo.java:12)
at testClass_pacakge.TestClass.launchBrowser(TestClass.java:45)
at sun.reflect.NativeMethodAccessorImpl.invoke0(Native Method)
at sun.reflect.NativeMethodAccessorImpl.invoke(Unknown Source)
at sun.reflect.DelegatingMethodAccessorImpl.invoke(Unknown Source)
at java.lang.reflect.Method.invoke(Unknown Source)
at org.testng.internal.MethodInvocationHelper.invokeMethod(MethodInvocationHelper.java:124)
at org.testng.internal.MethodInvocationHelper.invokeMethodConsideringTimeout(MethodInvocationHelper.java:59)
at org.testng.internal.Invoker.invokeConfigurationMethod(Invoker.java:458)
at org.testng.internal.Invoker.invokeConfigurations(Invoker.java:222)
at org.testng.internal.Invoker.invokeConfigurations(Invoker.java:142)
at org.testng.TestRunner.beforeRun(TestRunner.java:529)
at org.testng.TestRunner.run(TestRunner.java:497)
at org.testng.SuiteRunner.runTest(SuiteRunner.java:455)
at org.testng.SuiteRunner.runSequentially(SuiteRunner.java:450)
at org.testng.SuiteRunner.privateRun(SuiteRunner.java:415)
at org.testng.SuiteRunner.run(SuiteRunner.java:364)
at org.testng.SuiteRunnerWorker.runSuite(SuiteRunnerWorker.java:52)
at org.testng.SuiteRunnerWorker.run(SuiteRunnerWorker.java:84)
at org.testng.TestNG.runSuitesSequentially(TestNG.java:1208)
at org.testng.TestNG.runSuitesLocally(TestNG.java:1137)
at org.testng.TestNG.runSuites(TestNG.java:1049)
at org.testng.TestNG.run(TestNG.java:1017)
at org.testng.remote.AbstractRemoteTestNG.run(AbstractRemoteTestNG.java:115)
at org.testng.remote.RemoteTestNG.initAndRun(RemoteTestNG.java:251)
at org.testng.remote.RemoteTestNG.main(RemoteTestNG.java:77)
]]>
            </full-stacktrace>
          </exception> <!-- org.openqa.selenium.SessionNotCreatedException -->
          <reporter-output>
          </reporter-output>
        </test-method> <!-- verifyorder -->
        <test-method status="SKIP" signature="logoutAccount(org.testng.ITestResult)[pri:0, instance:testClass_pacakge.TestClass@754ba872]" name="logoutAccount" is-config="true" duration-ms="0" started-at="2021-03-14T11:42:46Z" finished-at="2021-03-14T11:42:46Z">
          <reporter-output>
          </reporter-output>
        </test-method> <!-- logoutAccount -->
        <test-method status="SKIP" signature="clearObjects()[pri:0, instance:testClass_pacakge.TestClass@754ba872]" name="clearObjects" is-config="true" duration-ms="0" started-at="2021-03-14T11:42:46Z" finished-at="2021-03-14T11:42:46Z">
          <reporter-output>
          </reporter-output>
        </test-method> <!-- clearObjects -->
        <test-method status="SKIP" signature="closedBrowser()[pri:0, instance:testClass_pacakge.TestClass@754ba872]" name="closedBrowser" is-config="true" duration-ms="0" started-at="2021-03-14T11:42:46Z" finished-at="2021-03-14T11:42:46Z">
          <reporter-output>
          </reporter-output>
        </test-method> <!-- closedBrowser -->
      </class> <!-- testClass_pacakge.TestClass -->
    </test> <!-- ChromeTest -->
    <test name="FirefoxTest" duration-ms="90274" started-at="2021-03-14T11:42:46Z" finished-at="2021-03-14T11:44:16Z">
      <class name="testClass_pacakge.TestClass">
        <test-method status="PASS" signature="launchBrowser(java.lang.String)[pri:0, instance:testClass_pacakge.TestClass@59494225]" name="launchBrowser" is-config="true" duration-ms="22570" started-at="2021-03-14T11:42:46Z" finished-at="2021-03-14T11:43:08Z">
          <params>
            <param index="0">
              <value>
                <![CDATA[Firefox]]>
              </value>
            </param>
          </params>
          <reporter-output>
          </reporter-output>
        </test-method> <!-- launchBrowser -->
        <test-method status="PASS" signature="createObject()[pri:0, instance:testClass_pacakge.TestClass@59494225]" name="createObject" is-config="true" duration-ms="581" started-at="2021-03-14T11:43:08Z" finished-at="2021-03-14T11:43:09Z">
          <reporter-output>
          </reporter-output>
        </test-method> <!-- createObject -->
        <test-method status="PASS" signature="loginToUserAccount()[pri:0, instance:testClass_pacakge.TestClass@59494225]" name="loginToUserAccount" is-config="true" duration-ms="11748" started-at="2021-03-14T11:43:09Z" finished-at="2021-03-14T11:43:21Z">
          <reporter-output>
          </reporter-output>
        </test-method> <!-- loginToUserAccount -->
        <test-method status="PASS" signature="verifydashboard()[pri:0, instance:testClass_pacakge.TestClass@59494225]" name="verifydashboard" duration-ms="2602" started-at="2021-03-14T11:43:21Z" finished-at="2021-03-14T11:43:23Z">
          <reporter-output>
          </reporter-output>
        </test-method> <!-- verifydashboard -->
        <test-method status="PASS" signature="logoutAccount(org.testng.ITestResult)[pri:0, instance:testClass_pacakge.TestClass@59494225]" name="logoutAccount" is-config="true" duration-ms="15190" started-at="2021-03-14T11:43:23Z" finished-at="2021-03-14T11:43:39Z">
          <params>
            <param index="0">
              <value>
                <![CDATA[[TestResult name=verifydashboard status=SUCCESS method=TestClass.verifydashboard()[pri:0, instance:testClass_pacakge.TestClass@59494225] output={null}]]]>
              </value>
            </param>
          </params>
          <reporter-output>
          </reporter-output>
        </test-method> <!-- logoutAccount -->
        <test-method status="PASS" signature="loginToUserAccount()[pri:0, instance:testClass_pacakge.TestClass@59494225]" name="loginToUserAccount" is-config="true" duration-ms="7029" started-at="2021-03-14T11:43:39Z" finished-at="2021-03-14T11:43:46Z">
          <reporter-output>
          </reporter-output>
        </test-method> <!-- loginToUserAccount -->
        <test-method status="PASS" signature="verifyorder()[pri:0, instance:testClass_pacakge.TestClass@59494225]" name="verifyorder" duration-ms="2135" started-at="2021-03-14T11:43:46Z" finished-at="2021-03-14T11:43:48Z">
          <reporter-output>
          </reporter-output>
        </test-method> <!-- verifyorder -->
        <test-method status="PASS" signature="logoutAccount(org.testng.ITestResult)[pri:0, instance:testClass_pacakge.TestClass@59494225]" name="logoutAccount" is-config="true" duration-ms="16471" started-at="2021-03-14T11:43:48Z" finished-at="2021-03-14T11:44:04Z">
          <params>
            <param index="0">
              <value>
                <![CDATA[[TestResult name=verifyorder status=SUCCESS method=TestClass.verifyorder()[pri:0, instance:testClass_pacakge.TestClass@59494225] output={null}]]]>
              </value>
            </param>
          </params>
          <reporter-output>
          </reporter-output>
        </test-method> <!-- logoutAccount -->
        <test-method status="PASS" signature="clearObjects()[pri:0, instance:testClass_pacakge.TestClass@59494225]" name="clearObjects" is-config="true" duration-ms="1" started-at="2021-03-14T11:44:04Z" finished-at="2021-03-14T11:44:04Z">
          <reporter-output>
          </reporter-output>
        </test-method> <!-- clearObjects -->
        <test-method status="PASS" signature="closedBrowser()[pri:0, instance:testClass_pacakge.TestClass@59494225]" name="closedBrowser" is-config="true" duration-ms="11921" started-at="2021-03-14T11:44:04Z" finished-at="2021-03-14T11:44:16Z">
          <reporter-output>
          </reporter-output>
        </test-method> <!-- closedBrowser -->
      </class> <!-- testClass_pacakge.TestClass -->
    </test> <!-- FirefoxTest -->
  </suite> <!-- Suite -->
</testng-results>
