<?xml version="1.0" encoding="UTF-8"?>
<!-- Generated by org.testng.reporters.JUnitXMLReporter -->
<testsuite hostname="DESKTOP-2QD5KIO" ignored="0" name="ChromeTest" tests="2" failures="0" timestamp="14 Mar 2021 11:42:46 GMT" time="13.438" errors="0">
  <testcase name="@BeforeTest launchBrowser" time="13.063" classname="testClass_pacakge.TestClass">
    <failure type="org.openqa.selenium.SessionNotCreatedException" message="session not created: This version of ChromeDriver only supports Chrome version 85
Build info: version: &amp;apos;3.141.59&amp;apos;, revision: &amp;apos;e82be7d358&amp;apos;, time: &amp;apos;2018-11-14T08:17:03&amp;apos;
System info: host: &amp;apos;DESKTOP-2QD5KIO&amp;apos;, ip: &amp;apos;192.168.43.248&amp;apos;, os.name: &amp;apos;Windows 10&amp;apos;, os.arch: &amp;apos;amd64&amp;apos;, os.version: &amp;apos;10.0&amp;apos;, java.version: &amp;apos;1.8.0_261&amp;apos;
Driver info: driver.version: ChromeDriver
remote stacktrace: Backtrace:
	Ordinal0 [0x0106D383+3134339]
	Ordinal0 [0x00F5A171+2007409]
	Ordinal0 [0x00DFAEE8+569064]
	Ordinal0 [0x00D8139F+70559]
	Ordinal0 [0x00D7CC63+52323]
	Ordinal0 [0x00DA0DFC+200188]
	Ordinal0 [0x00DA0C1D+199709]
	Ordinal0 [0x00D9EB0B+191243]
	Ordinal0 [0x00D82E77+77431]
	Ordinal0 [0x00D83E3E+81470]
	Ordinal0 [0x00D83DC9+81353]
	Ordinal0 [0x00F70CD9+2100441]
	GetHandleVerifier [0x011DB75A+1396954]
	GetHandleVerifier [0x011DB3D9+1396057]
	GetHandleVerifier [0x011E7126+1444518]
	GetHandleVerifier [0x011DBCE8+1398376]
	Ordinal0 [0x00F67F51+2064209]
	Ordinal0 [0x00F722EB+2106091]
	Ordinal0 [0x00F72411+2106385]
	Ordinal0 [0x00F849C4+2181572]
	BaseThreadInitThunk [0x75FC6359+25]
	RtlGetAppContainerNamedObjectPath [0x77308964+228]
	RtlGetAppContainerNamedObjectPath [0x77308934+180]
">
      <![CDATA[org.openqa.selenium.SessionNotCreatedException: session not created: This version of ChromeDriver only supports Chrome version 85
Build info: version: '3.141.59', revision: 'e82be7d358', time: '2018-11-14T08:17:03'
System info: host: 'DESKTOP-2QD5KIO', ip: '192.168.43.248', os.name: 'Windows 10', os.arch: 'amd64', os.version: '10.0', java.version: '1.8.0_261'
Driver info: driver.version: ChromeDriver
remote stacktrace: Backtrace:
Ordinal0 [0x0106D383+3134339]
Ordinal0 [0x00F5A171+2007409]
Ordinal0 [0x00DFAEE8+569064]
Ordinal0 [0x00D8139F+70559]
Ordinal0 [0x00D7CC63+52323]
Ordinal0 [0x00DA0DFC+200188]
Ordinal0 [0x00DA0C1D+199709]
Ordinal0 [0x00D9EB0B+191243]
Ordinal0 [0x00D82E77+77431]
Ordinal0 [0x00D83E3E+81470]
Ordinal0 [0x00D83DC9+81353]
Ordinal0 [0x00F70CD9+2100441]
GetHandleVerifier [0x011DB75A+1396954]
GetHandleVerifier [0x011DB3D9+1396057]
GetHandleVerifier [0x011E7126+1444518]
GetHandleVerifier [0x011DBCE8+1398376]
Ordinal0 [0x00F67F51+2064209]
Ordinal0 [0x00F722EB+2106091]
Ordinal0 [0x00F72411+2106385]
Ordinal0 [0x00F849C4+2181572]
BaseThreadInitThunk [0x75FC6359+25]
RtlGetAppContainerNamedObjectPath [0x77308964+228]
RtlGetAppContainerNamedObjectPath [0x77308934+180]

at org.openqa.selenium.remote.W3CHandshakeResponse.lambda$errorHandler$0(W3CHandshakeResponse.java:62)
at org.openqa.selenium.remote.HandshakeResponse.lambda$getResponseFunction$0(HandshakeResponse.java:30)
at org.openqa.selenium.remote.ProtocolHandshake.lambda$createSession$0(ProtocolHandshake.java:126)
at java.util.stream.ReferencePipeline$3$1.accept(Unknown Source)
at java.util.Spliterators$ArraySpliterator.tryAdvance(Unknown Source)
at java.util.stream.ReferencePipeline.forEachWithCancel(Unknown Source)
at java.util.stream.AbstractPipeline.copyIntoWithCancel(Unknown Source)
at java.util.stream.AbstractPipeline.copyInto(Unknown Source)
at java.util.stream.AbstractPipeline.wrapAndCopyInto(Unknown Source)
at java.util.stream.FindOps$FindOp.evaluateSequential(Unknown Source)
at java.util.stream.AbstractPipeline.evaluate(Unknown Source)
at java.util.stream.ReferencePipeline.findFirst(Unknown Source)
at org.openqa.selenium.remote.ProtocolHandshake.createSession(ProtocolHandshake.java:128)
at org.openqa.selenium.remote.ProtocolHandshake.createSession(ProtocolHandshake.java:74)
at org.openqa.selenium.remote.HttpCommandExecutor.execute(HttpCommandExecutor.java:136)
at org.openqa.selenium.remote.service.DriverCommandExecutor.execute(DriverCommandExecutor.java:83)
at org.openqa.selenium.remote.RemoteWebDriver.execute(RemoteWebDriver.java:552)
at org.openqa.selenium.remote.RemoteWebDriver.startSession(RemoteWebDriver.java:213)
at org.openqa.selenium.remote.RemoteWebDriver.<init>(RemoteWebDriver.java:131)
at org.openqa.selenium.chrome.ChromeDriver.<init>(ChromeDriver.java:181)
at org.openqa.selenium.chrome.ChromeDriver.<init>(ChromeDriver.java:168)
at org.openqa.selenium.chrome.ChromeDriver.<init>(ChromeDriver.java:123)
at testBrowserSetup.Pojo.openChromeBrowser(Pojo.java:12)
at testClass_pacakge.TestClass.launchBrowser(TestClass.java:45)
... Removed 28 stack frames]]>
    </failure>
  </testcase> <!-- @BeforeTest launchBrowser -->
  <testcase name="@BeforeClass createObject" time="0.0" classname="testClass_pacakge.TestClass">
    <skipped/>
  </testcase> <!-- @BeforeClass createObject -->
  <testcase name="@BeforeMethod loginToUserAccount" time="0.0" classname="testClass_pacakge.TestClass">
    <skipped/>
  </testcase> <!-- @BeforeMethod loginToUserAccount -->
  <testcase name="@AfterMethod logoutAccount" time="0.0" classname="testClass_pacakge.TestClass">
    <skipped/>
  </testcase> <!-- @AfterMethod logoutAccount -->
  <testcase name="@BeforeMethod loginToUserAccount" time="0.0" classname="testClass_pacakge.TestClass">
    <skipped/>
  </testcase> <!-- @BeforeMethod loginToUserAccount -->
  <testcase name="@AfterMethod logoutAccount" time="0.0" classname="testClass_pacakge.TestClass">
    <skipped/>
  </testcase> <!-- @AfterMethod logoutAccount -->
  <testcase name="@AfterClass clearObjects" time="0.0" classname="testClass_pacakge.TestClass">
    <skipped/>
  </testcase> <!-- @AfterClass clearObjects -->
  <testcase name="@AfterTest closedBrowser" time="0.0" classname="testClass_pacakge.TestClass">
    <skipped/>
  </testcase> <!-- @AfterTest closedBrowser -->
  <testcase name="verifydashboard" time="0.0" classname="testClass_pacakge.TestClass">
    <skipped/>
  </testcase> <!-- verifydashboard -->
  <testcase name="verifyorder" time="0.0" classname="testClass_pacakge.TestClass">
    <skipped/>
  </testcase> <!-- verifyorder -->
</testsuite> <!-- ChromeTest -->
